[19:57:29] [main/INFO] (FabricLoader/GameProvider) Loading Minecraft 1.21.1 with Fabric Loader 0.16.5
[19:57:30] [main/INFO] (FabricLoader) Loading 55 mods:
	- fabric-api 0.104.0+1.21.1
	- fabric-api-base 0.4.42+6573ed8c19
	- fabric-api-lookup-api-v1 1.6.68+b559734419
	- fabric-biome-api-v1 13.0.29+5bd9f1bc19
	- fabric-block-api-v1 1.0.22+0af3f5a719
	- fabric-block-view-api-v2 1.0.10+6573ed8c19
	- fabric-blockrenderlayer-v1 1.1.52+0af3f5a719
	- fabric-client-tags-api-v1 1.1.15+6573ed8c19
	- fabric-command-api-v1 1.2.49+f71b366f19
	- fabric-command-api-v2 2.2.28+6ced4dd919
	- fabric-commands-v0 0.2.66+df3654b319
	- fabric-content-registries-v0 8.0.16+b559734419
	- fabric-convention-tags-v1 2.0.22+7f945d5b19
	- fabric-convention-tags-v2 2.7.0+4053855719
	- fabric-crash-report-info-v1 0.2.29+0af3f5a719
	- fabric-data-attachment-api-v1 1.1.28+1daea21519
	- fabric-data-generation-api-v1 20.2.19+16c4ae2519
	- fabric-dimensions-v1 4.0.0+6fc22b9919
	- fabric-entity-events-v1 1.7.0+2122d82819
	- fabric-events-interaction-v0 0.7.12+ba9dae0619
	- fabric-game-rule-api-v1 1.0.53+6ced4dd919
	- fabric-gametest-api-v1 2.0.4+6fc22b9919
	- fabric-item-api-v1 11.0.0+afdfc92119
	- fabric-item-group-api-v1 4.1.5+3fc0e55219
	- fabric-key-binding-api-v1 1.0.47+0af3f5a719
	- fabric-keybindings-v0 0.2.45+df3654b319
	- fabric-lifecycle-events-v1 2.3.12+6c1df36019
	- fabric-loot-api-v2 3.0.14+3f89f5a519
	- fabric-loot-api-v3 1.0.2+3f89f5a519
	- fabric-message-api-v1 6.0.13+6573ed8c19
	- fabric-model-loading-api-v1 2.0.0+fe474d6b19
	- fabric-networking-api-v1 4.2.2+60c3209b19
	- fabric-object-builder-api-v1 15.2.0+40875a9319
	- fabric-particles-v1 4.0.2+6573ed8c19
	- fabric-recipe-api-v1 5.0.12+6508971219
	- fabric-registry-sync-v0 5.1.2+60c3209b19
	- fabric-renderer-api-v1 3.4.0+c705a49c19
	- fabric-renderer-indigo 1.7.0+c705a49c19
	- fabric-renderer-registries-v1 3.2.68+df3654b319
	- fabric-rendering-data-attachment-v1 0.3.48+73761d2e19
	- fabric-rendering-fluids-v1 3.1.6+1daea21519
	- fabric-rendering-v0 1.1.71+df3654b319
	- fabric-rendering-v1 5.0.5+df16efd019
	- fabric-resource-conditions-api-v1 4.3.0+8dc279b119
	- fabric-resource-loader-v0 1.3.0+5659912919
	- fabric-screen-api-v1 2.0.25+8b68f1c719
	- fabric-screen-handler-api-v1 1.3.86+b559734419
	- fabric-sound-api-v1 1.0.23+6573ed8c19
	- fabric-transfer-api-v1 5.2.0+d38f898f19
	- fabric-transitive-access-wideners-v1 6.1.0+1daea21519
	- fabricloader 0.16.5
	- java 21
	- mailo-addition 1.0.0
	- minecraft 1.21.1
	- mixinextras 0.4.1
[19:57:30] [main/INFO] (FabricLoader/Mixin) SpongePowered MIXIN Subsystem Version=0.8.7 Source=file:/C:/Users/locko/.gradle/caches/modules-2/files-2.1/net.fabricmc/sponge-mixin/0.15.3+mixin.0.8.7/51ee0a44ab05f6fddd66b09e66b3a16904f9c55d/sponge-mixin-0.15.3+mixin.0.8.7.jar Service=Knot/Fabric Env=CLIENT
[19:57:30] [main/INFO] (FabricLoader/Mixin) Loaded Fabric development mappings for mixin remapper!
[19:57:30] [main/INFO] (FabricLoader/Mixin) Compatibility level set to JAVA_17
[19:57:30] [main/INFO] (FabricLoader/Mixin) Compatibility level set to JAVA_21
[19:57:31] [main/INFO] (FabricLoader/MixinExtras|Service) Initializing MixinExtras via com.llamalad7.mixinextras.service.MixinExtrasServiceImpl(version=0.4.1).
[19:57:32] [Datafixer Bootstrap/INFO] (Minecraft) 226 Datafixer optimizations took 364 milliseconds
[19:57:36] [Render thread/INFO] (Minecraft) Environment: Environment[sessionHost=https://sessionserver.mojang.com, servicesHost=https://api.minecraftservices.com, name=PROD]
[19:57:36] [Render thread/INFO] (Minecraft) Setting user: Player787
[19:57:36] [Render thread/INFO] (mailo-addition) Initializing Mailo Addition...
[19:57:36] [Render thread/INFO] (mailo-addition) Registering ModBlocks for mailo-addition
[19:57:36] [Render thread/INFO] (mailo-addition) Registering Era 1 Items
[19:57:36] [Render thread/INFO] (mailo-addition) Mailo Addition initialized!
[19:57:36] [Render thread/INFO] (Indigo) [Indigo] Registering Indigo renderer!
[19:57:36] [Render thread/INFO] (FabricDataGenHelper) Running data generator for mailo-addition
[19:57:37] [Render thread/INFO] (Minecraft) Starting provider: Mailo Addition/Tags for minecraft:block
[19:57:37] [Render thread/INFO] (Minecraft) Mailo Addition/Tags for minecraft:block finished after 10 ms
[19:57:37] [Render thread/INFO] (Minecraft) Starting provider: Mailo Addition/Block Loot Tables
[19:57:37] [Render thread/INFO] (Minecraft) Mailo Addition/Block Loot Tables finished after 8 ms
[19:57:37] [Render thread/INFO] (Minecraft) Starting provider: Mailo Addition/Model Definitions
[19:57:37] [Render thread/INFO] (Minecraft) Mailo Addition/Model Definitions finished after 35 ms
[19:57:37] [Render thread/INFO] (Minecraft) Starting provider: Mailo Addition/Recipes
[19:57:37] [Render thread/INFO] (Minecraft) Mailo Addition/Recipes finished after 26 ms
[19:57:37] [Render thread/INFO] (Minecraft) Starting provider: Mailo Addition/Language (en_us)
[19:57:37] [Render thread/INFO] (Minecraft) Mailo Addition/Language (en_us) finished after 1 ms
[19:57:37] [Render thread/INFO] (Minecraft) All providers took: 83 ms
[19:57:37] [Render thread/INFO] (Minecraft) Caching: total files: 24, old count: 23, new count: 25, removed stale: 0, written: 1
